<?xml version="1.0" encoding="UTF-8"?>
<!-- Generated by org.testng.reporters.JUnitReportReporter -->
<testsuite hostname="hp-pc" name="com.test.suit2" tests="1" failures="0" timestamp="3 Dec 2016 07:19:18 GMT" time="17.650" errors="0">
  <testcase name="search" time="17.650" classname="com.test.suit2"/>
</testsuite> <!-- com.test.suit2 -->
